<?xml version="1.0" encoding="UTF-8"?>
<!-- Generated by org.testng.reporters.JUnitReportReporter -->
<testsuite hostname="Aditya" failures="0" tests="3" name="testNGExamples.Example3" time="0.005" errors="0" timestamp="2024-03-12T19:23:26 IST" skipped="0">
  <testcase classname="testNGExamples.Example3" name="deletePIM" time="0.001"/>
  <system-out/>
  <testcase classname="testNGExamples.Example3" name="updatePIM" time="0.003"/>
  <system-out/>
  <testcase classname="testNGExamples.Example3" name="createPIM" time="0.001"/>
  <system-out/>
</testsuite> <!-- testNGExamples.Example3 -->
