<?xml version="1.0" encoding="UTF-8"?>
<!-- Generated by org.testng.reporters.JUnitReportReporter -->
<testsuite hostname="Aditya" failures="0" tests="2" name="testNGExamples.Example611march" time="0.011" errors="0" timestamp="2024-03-12T19:25:56 IST" skipped="0">
  <testcase classname="testNGExamples.Example611march" name="tc2" time="0.003"/>
  <system-out/>
  <testcase classname="testNGExamples.Example611march" name="tc1" time="0.008"/>
  <system-out/>
</testsuite> <!-- testNGExamples.Example611march -->
