<?xml version="1.0" encoding="UTF-8"?>
<!-- Generated by org.testng.reporters.JUnitReportReporter -->
<testsuite hostname="Aditya" failures="0" tests="2" name="testNGExamples.Example1" time="0.013" errors="0" timestamp="2024-03-12T19:23:26 IST" skipped="0">
  <testcase classname="testNGExamples.Example1" name="testCase0" time="0.002"/>
  <system-out/>
  <testcase classname="testNGExamples.Example1" name="f" time="0.011"/>
  <system-out/>
</testsuite> <!-- testNGExamples.Example1 -->
